<?xml version="1.0" encoding="UTF-8"?>
<!-- Generated by org.testng.reporters.JUnitXMLReporter -->
<testsuite ignored="0" hostname="ANTORA-LAPTOP" failures="0" tests="15" name="Default test" time="17.303" errors="0" timestamp="2023-11-20T04:25:17 BDT">
  <testcase classname="ui.HomePageTest" name="verifyHomepageTest" time="0.023"/>
  <testcase classname="ui.HomePageTest" name="addProductsToCartTest" time="0.865"/>
  <testcase classname="ui.HomePageTest" name="clickCartButtonTest" time="1.068"/>
  <testcase classname="ui.HomePageTest" name="verifyCartPageTest" time="0.012"/>
  <testcase classname="ui.HomePageTest" name="clickProceedToCheckoutTest" time="0.07"/>
  <testcase classname="ui.HomePageTest" name="clickRegisterLoginButtonTest" time="0.724"/>
  <testcase classname="ui.HomePageTest" name="signUpTest" time="1.135"/>
  <testcase classname="ui.HomePageTest" name="fillUpAccountInformationTest" time="2.956"/>
  <testcase classname="ui.HomePageTest" name="verifyAccountCreatedTest" time="2.282"/>
  <testcase classname="ui.HomePageTest" name="verifyLoggedInUserTest" time="0.033"/>
  <testcase classname="ui.HomePageTest" name="clickCartAndProceedToCheckoutButtonTest" time="2.122"/>
  <testcase classname="ui.HomePageTest" name="verifyAddressReviewOrderTest" time="0.001"/>
  <testcase classname="ui.HomePageTest" name="placeOrderTest" time="0.971"/>
  <testcase classname="ui.HomePageTest" name="signUpTest" time="2.525"/>
  <testcase classname="ui.HomePageTest" name="verifyOrderPlacedTest" time="2.418"/>
</testsuite> <!-- Default test -->
