<?xml version="1.0" encoding="UTF-8"?>
<!-- Generated by org.testng.reporters.JUnitXMLReporter -->
<testsuite ignored="8" hostname="ANTORA-LAPTOP" failures="0" tests="15" name="Default test" time="18.711" errors="0" timestamp="2023-11-21T02:19:50 BDT">
  <testcase classname="ui.AddToCartTest" name="addProductsToCartTest" time="0.793"/>
  <testcase classname="ui.AddToCartTest" name="clickCartButtonTest" time="1.714"/>
  <testcase classname="ui.AddToCartTest" name="verifyCartPageTest" time="0.009"/>
  <testcase classname="ui.AddToCartTest" name="clickProceedToCheckoutTest" time="0.05"/>
  <testcase classname="ui.SignupTest" name="clickRegisterLoginButtonTest" time="0.68"/>
  <testcase classname="ui.SignupTest" name="signUpTest" time="0.945"/>
  <testcase classname="ui.SignupTest" name="fillUpAccountInformationTest" time="2.353"/>
  <testcase classname="ui.SignupTest" name="verifyAccountCreatedTest" time="4.166"/>
  <testcase classname="ui.SignupTest" name="verifyLoggedInUserTest" time="0.03"/>
  <testcase classname="ui.SignupTest" name="clickCartAndProceedToCheckoutButtonTest" time="2.267"/>
  <testcase classname="ui.CheckoutTest" name="verifyAddressReviewOrderTest" time="0.0"/>
  <testcase classname="ui.CheckoutTest" name="placeOrderTest" time="0.685"/>
  <testcase classname="ui.CheckoutTest" name="signUpTest" time="2.34"/>
  <testcase classname="ui.CheckoutTest" name="verifyOrderPlacedTest" time="2.604"/>
  <testcase classname="ui.HomePageTest" name="verifyHomepageTest" time="0.007"/>
  <testcase classname="common.CommonDataSetup" name="@AfterSuite dataTeardown" time="0.0">
    <ignored/>
  </testcase> <!-- @AfterSuite dataTeardown -->
  <testcase classname="common.CommonDataSetup" name="@AfterSuite dataTeardown" time="0.0">
    <ignored/>
  </testcase> <!-- @AfterSuite dataTeardown -->
  <testcase classname="common.CommonDataSetup" name="@BeforeSuite dataSetup" time="0.0">
    <ignored/>
  </testcase> <!-- @BeforeSuite dataSetup -->
  <testcase classname="common.CommonDataSetup" name="@AfterSuite dataTeardown" time="0.0">
    <ignored/>
  </testcase> <!-- @AfterSuite dataTeardown -->
  <testcase classname="common.CommonDataSetup" name="@BeforeSuite dataSetup" time="0.0">
    <ignored/>
  </testcase> <!-- @BeforeSuite dataSetup -->
  <testcase classname="common.CommonDataSetup" name="@AfterSuite dataTeardown" time="0.0">
    <ignored/>
  </testcase> <!-- @AfterSuite dataTeardown -->
  <testcase classname="common.CommonDataSetup" name="@BeforeSuite dataSetup" time="0.0">
    <ignored/>
  </testcase> <!-- @BeforeSuite dataSetup -->
  <testcase classname="common.CommonDataSetup" name="@BeforeSuite dataSetup" time="0.0">
    <ignored/>
  </testcase> <!-- @BeforeSuite dataSetup -->
</testsuite> <!-- Default test -->
