<?xml version="1.0" encoding="UTF-8"?>
<!-- Generated by org.testng.reporters.JUnitXMLReporter -->
<testsuite ignored="0" hostname="ANTORA-LAPTOP" failures="0" tests="3" name="Test" time="1.92" errors="0" timestamp="2023-11-20T02:40:50 BDT">
  <testcase classname="ui.HomePageTest" name="homePageTest" time="0.026"/>
  <testcase classname="ui.HomePageTest" name="addProductsToCartTest" time="0.829"/>
  <testcase classname="ui.HomePageTest" name="clickCartButtonTest" time="1.006"/>
</testsuite> <!-- Test -->
