<?xml version="1.0" encoding="UTF-8"?>
<testng-results ignored="8" total="23" passed="15" failed="0" skipped="0">
  <reporter-output>
  </reporter-output>
  <suite started-at="2023-11-21T02:06:27 BDT" name="Default suite" finished-at="2023-11-21T02:06:47 BDT" duration-ms="20505">
    <groups>
      <group name="regression">
        <method signature="HomePageTest.verifyHomepageTest()[pri:1, instance:ui.HomePageTest@a64e035]" name="verifyHomepageTest" class="ui.HomePageTest"/>
        <method signature="AddToCartTest.addProductsToCartTest()[pri:2, instance:ui.AddToCartTest@476ec9d0]" name="addProductsToCartTest" class="ui.AddToCartTest"/>
        <method signature="AddToCartTest.clickCartButtonTest()[pri:3, instance:ui.AddToCartTest@476ec9d0]" name="clickCartButtonTest" class="ui.AddToCartTest"/>
        <method signature="AddToCartTest.verifyCartPageTest()[pri:4, instance:ui.AddToCartTest@476ec9d0]" name="verifyCartPageTest" class="ui.AddToCartTest"/>
        <method signature="AddToCartTest.clickProceedToCheckoutTest()[pri:5, instance:ui.AddToCartTest@476ec9d0]" name="clickProceedToCheckoutTest" class="ui.AddToCartTest"/>
        <method signature="SignupTest.clickRegisterLoginButtonTest()[pri:6, instance:ui.SignupTest@f8f56b9]" name="clickRegisterLoginButtonTest" class="ui.SignupTest"/>
        <method signature="SignupTest.signUpTest(java.lang.String,java.lang.String,java.lang.String)[pri:7, instance:ui.SignupTest@f8f56b9]" name="signUpTest" class="ui.SignupTest"/>
        <method signature="SignupTest.fillUpAccountInformationTest(java.lang.String,java.lang.String,java.lang.String,java.lang.String,java.lang.String,java.lang.String,java.lang.String,java.lang.String,java.lang.String,java.lang.String,java.lang.String,java.lang.String,java.lang.String,java.lang.String)[pri:8, instance:ui.SignupTest@f8f56b9]" name="fillUpAccountInformationTest" class="ui.SignupTest"/>
        <method signature="SignupTest.verifyAccountCreatedTest()[pri:9, instance:ui.SignupTest@f8f56b9]" name="verifyAccountCreatedTest" class="ui.SignupTest"/>
        <method signature="SignupTest.verifyLoggedInUserTest(java.lang.String,java.lang.String,java.lang.String)[pri:10, instance:ui.SignupTest@f8f56b9]" name="verifyLoggedInUserTest" class="ui.SignupTest"/>
        <method signature="SignupTest.clickCartAndProceedToCheckoutButtonTest()[pri:11, instance:ui.SignupTest@f8f56b9]" name="clickCartAndProceedToCheckoutButtonTest" class="ui.SignupTest"/>
        <method signature="CheckoutTest.verifyAddressReviewOrderTest()[pri:12, instance:ui.CheckoutTest@15fa55a6]" name="verifyAddressReviewOrderTest" class="ui.CheckoutTest"/>
        <method signature="CheckoutTest.placeOrderTest()[pri:13, instance:ui.CheckoutTest@15fa55a6]" name="placeOrderTest" class="ui.CheckoutTest"/>
        <method signature="CheckoutTest.signUpTest(java.lang.String,java.lang.String,java.lang.String,java.lang.String,java.lang.String)[pri:14, instance:ui.CheckoutTest@15fa55a6]" name="signUpTest" class="ui.CheckoutTest"/>
        <method signature="CheckoutTest.verifyOrderPlacedTest()[pri:15, instance:ui.CheckoutTest@15fa55a6]" name="verifyOrderPlacedTest" class="ui.CheckoutTest"/>
      </group> <!-- regression -->
    </groups>
    <test started-at="2023-11-21T02:06:27 BDT" name="Default test" finished-at="2023-11-21T02:06:47 BDT" duration-ms="20505">
      <class name="ui.AddToCartTest">
        <test-method is-config="true" signature="dataSetup()[pri:0, instance:ui.AddToCartTest@476ec9d0]" started-at="2023-11-21T02:06:27 BDT" name="dataSetup" finished-at="2023-11-21T02:06:27 BDT" duration-ms="8" status="PASS">
          <reporter-output>
          </reporter-output>
        </test-method> <!-- dataSetup -->
        <test-method signature="addProductsToCartTest()[pri:2, instance:ui.AddToCartTest@476ec9d0]" started-at="2023-11-21T02:06:27 BDT" name="addProductsToCartTest" description="Add products to cart" finished-at="2023-11-21T02:06:28 BDT" duration-ms="817" status="PASS">
          <reporter-output>
          </reporter-output>
        </test-method> <!-- addProductsToCartTest -->
        <test-method signature="clickCartButtonTest()[pri:3, instance:ui.AddToCartTest@476ec9d0]" started-at="2023-11-21T02:06:28 BDT" name="clickCartButtonTest" description="Click &#039;Cart&#039; button" finished-at="2023-11-21T02:06:28 BDT" duration-ms="719" status="PASS">
          <reporter-output>
          </reporter-output>
        </test-method> <!-- clickCartButtonTest -->
        <test-method signature="verifyCartPageTest()[pri:4, instance:ui.AddToCartTest@476ec9d0]" started-at="2023-11-21T02:06:28 BDT" name="verifyCartPageTest" description="Verify that cart page is displayed" finished-at="2023-11-21T02:06:28 BDT" duration-ms="8" status="PASS">
          <reporter-output>
          </reporter-output>
        </test-method> <!-- verifyCartPageTest -->
        <test-method signature="clickProceedToCheckoutTest()[pri:5, instance:ui.AddToCartTest@476ec9d0]" started-at="2023-11-21T02:06:28 BDT" name="clickProceedToCheckoutTest" description="Click Proceed To Checkout" finished-at="2023-11-21T02:06:29 BDT" duration-ms="46" status="PASS">
          <reporter-output>
          </reporter-output>
        </test-method> <!-- clickProceedToCheckoutTest -->
        <test-method is-config="true" signature="dataTeardown()[pri:0, instance:ui.AddToCartTest@476ec9d0]" started-at="2023-11-21T02:06:47 BDT" name="dataTeardown" finished-at="2023-11-21T02:06:48 BDT" duration-ms="158" status="PASS">
          <reporter-output>
          </reporter-output>
        </test-method> <!-- dataTeardown -->
      </class> <!-- ui.AddToCartTest -->
      <class name="ui.SignupTest">
        <test-method signature="clickRegisterLoginButtonTest()[pri:6, instance:ui.SignupTest@f8f56b9]" started-at="2023-11-21T02:06:29 BDT" name="clickRegisterLoginButtonTest" description="Click &#039;Register / Login&#039; button" finished-at="2023-11-21T02:06:29 BDT" duration-ms="653" status="PASS">
          <reporter-output>
          </reporter-output>
        </test-method> <!-- clickRegisterLoginButtonTest -->
        <test-method signature="signUpTest(java.lang.String,java.lang.String,java.lang.String)[pri:7, instance:ui.SignupTest@f8f56b9]" started-at="2023-11-21T02:06:29 BDT" name="signUpTest" description="Fill all details in Sign up and create account" data-provider="signup" finished-at="2023-11-21T02:06:30 BDT" duration-ms="944" status="PASS">
          <params>
            <param index="0">
              <value>
                <![CDATA[Test]]>
              </value>
            </param>
            <param index="1">
              <value>
                <![CDATA[User]]>
              </value>
            </param>
            <param index="2">
              <value>
                <![CDATA[testuserd83fd_1700510789@gmail.com]]>
              </value>
            </param>
          </params>
          <reporter-output>
          </reporter-output>
        </test-method> <!-- signUpTest -->
        <test-method signature="fillUpAccountInformationTest(java.lang.String,java.lang.String,java.lang.String,java.lang.String,java.lang.String,java.lang.String,java.lang.String,java.lang.String,java.lang.String,java.lang.String,java.lang.String,java.lang.String,java.lang.String,java.lang.String)[pri:8, instance:ui.SignupTest@f8f56b9]" started-at="2023-11-21T02:06:30 BDT" name="fillUpAccountInformationTest" description="Fill all account information" data-provider="account" finished-at="2023-11-21T02:06:33 BDT" duration-ms="2538" status="PASS">
          <params>
            <param index="0">
              <value>
                <![CDATA[abcd1234]]>
              </value>
            </param>
            <param index="1">
              <value>
                <![CDATA[3]]>
              </value>
            </param>
            <param index="2">
              <value>
                <![CDATA[11]]>
              </value>
            </param>
            <param index="3">
              <value>
                <![CDATA[1990]]>
              </value>
            </param>
            <param index="4">
              <value>
                <![CDATA[Test]]>
              </value>
            </param>
            <param index="5">
              <value>
                <![CDATA[User]]>
              </value>
            </param>
            <param index="6">
              <value>
                <![CDATA[Google]]>
              </value>
            </param>
            <param index="7">
              <value>
                <![CDATA[Toronto]]>
              </value>
            </param>
            <param index="8">
              <value>
                <![CDATA[Road 11]]>
              </value>
            </param>
            <param index="9">
              <value>
                <![CDATA[Canada]]>
              </value>
            </param>
            <param index="10">
              <value>
                <![CDATA[Toronto]]>
              </value>
            </param>
            <param index="11">
              <value>
                <![CDATA[New City]]>
              </value>
            </param>
            <param index="12">
              <value>
                <![CDATA[1200]]>
              </value>
            </param>
            <param index="13">
              <value>
                <![CDATA[02135489]]>
              </value>
            </param>
          </params>
          <reporter-output>
          </reporter-output>
        </test-method> <!-- fillUpAccountInformationTest -->
        <test-method signature="verifyAccountCreatedTest()[pri:9, instance:ui.SignupTest@f8f56b9]" started-at="2023-11-21T02:06:33 BDT" name="verifyAccountCreatedTest" description="Verify &#039;ACCOUNT CREATED!&#039; and click &#039;Continue&#039; button" finished-at="2023-11-21T02:06:37 BDT" duration-ms="4218" status="PASS">
          <reporter-output>
          </reporter-output>
        </test-method> <!-- verifyAccountCreatedTest -->
        <test-method signature="verifyLoggedInUserTest(java.lang.String,java.lang.String,java.lang.String)[pri:10, instance:ui.SignupTest@f8f56b9]" started-at="2023-11-21T02:06:37 BDT" name="verifyLoggedInUserTest" description="Verify &#039; Logged in as username&#039; at top" data-provider="signup" finished-at="2023-11-21T02:06:37 BDT" duration-ms="28" status="PASS">
          <params>
            <param index="0">
              <value>
                <![CDATA[Test]]>
              </value>
            </param>
            <param index="1">
              <value>
                <![CDATA[User]]>
              </value>
            </param>
            <param index="2">
              <value>
                <![CDATA[testuser81e77_1700510797@gmail.com]]>
              </value>
            </param>
          </params>
          <reporter-output>
          </reporter-output>
        </test-method> <!-- verifyLoggedInUserTest -->
        <test-method signature="clickCartAndProceedToCheckoutButtonTest()[pri:11, instance:ui.SignupTest@f8f56b9]" started-at="2023-11-21T02:06:37 BDT" name="clickCartAndProceedToCheckoutButtonTest" description="Click &#039;Cart&#039; button and &#039;Proceed To Checkout&#039; button" finished-at="2023-11-21T02:06:39 BDT" duration-ms="1829" status="PASS">
          <reporter-output>
          </reporter-output>
        </test-method> <!-- clickCartAndProceedToCheckoutButtonTest -->
      </class> <!-- ui.SignupTest -->
      <class name="ui.CheckoutTest">
        <test-method signature="verifyAddressReviewOrderTest()[pri:12, instance:ui.CheckoutTest@15fa55a6]" started-at="2023-11-21T02:06:39 BDT" name="verifyAddressReviewOrderTest" description="Verify Address Details and Review Your Order" finished-at="2023-11-21T02:06:39 BDT" duration-ms="0" status="PASS">
          <reporter-output>
          </reporter-output>
        </test-method> <!-- verifyAddressReviewOrderTest -->
        <test-method signature="placeOrderTest()[pri:13, instance:ui.CheckoutTest@15fa55a6]" started-at="2023-11-21T02:06:39 BDT" name="placeOrderTest" description=" Enter description in comment text area and click &#039;Place Order&#039;" finished-at="2023-11-21T02:06:41 BDT" duration-ms="2162" status="PASS">
          <reporter-output>
          </reporter-output>
        </test-method> <!-- placeOrderTest -->
        <test-method signature="signUpTest(java.lang.String,java.lang.String,java.lang.String,java.lang.String,java.lang.String)[pri:14, instance:ui.CheckoutTest@15fa55a6]" started-at="2023-11-21T02:06:41 BDT" name="signUpTest" description="Enter payment details: Name on Card, Card Number, CVC, Expiration date" data-provider="payment" finished-at="2023-11-21T02:06:43 BDT" duration-ms="2359" status="PASS">
          <params>
            <param index="0">
              <value>
                <![CDATA[Test User]]>
              </value>
            </param>
            <param index="1">
              <value>
                <![CDATA[0000000000000000]]>
              </value>
            </param>
            <param index="2">
              <value>
                <![CDATA[1234]]>
              </value>
            </param>
            <param index="3">
              <value>
                <![CDATA[01]]>
              </value>
            </param>
            <param index="4">
              <value>
                <![CDATA[2026]]>
              </value>
            </param>
          </params>
          <reporter-output>
          </reporter-output>
        </test-method> <!-- signUpTest -->
        <test-method signature="verifyOrderPlacedTest()[pri:15, instance:ui.CheckoutTest@15fa55a6]" started-at="2023-11-21T02:06:43 BDT" name="verifyOrderPlacedTest" description="Verify &#039;Verify the success message &#039;Your order has been placed successfully!&#039;" finished-at="2023-11-21T02:06:47 BDT" duration-ms="4099" status="PASS">
          <reporter-output>
          </reporter-output>
        </test-method> <!-- verifyOrderPlacedTest -->
      </class> <!-- ui.CheckoutTest -->
      <class name="ui.HomePageTest">
        <test-method signature="verifyHomepageTest()[pri:1, instance:ui.HomePageTest@a64e035]" started-at="2023-11-21T02:06:47 BDT" name="verifyHomepageTest" description="Verify that home page is visible successfully" finished-at="2023-11-21T02:06:47 BDT" duration-ms="8" status="PASS">
          <reporter-output>
          </reporter-output>
        </test-method> <!-- verifyHomepageTest -->
      </class> <!-- ui.HomePageTest -->
    </test> <!-- Default test -->
  </suite> <!-- Default suite -->
</testng-results>
