<?xml version="1.0" encoding="UTF-8"?>
<!-- Generated by org.testng.reporters.JUnitXMLReporter -->
<testsuite ignored="0" hostname="ANTORA-LAPTOP" failures="0" tests="15" name="Functional Test" time="16.853" errors="0" timestamp="2023-11-21T00:51:31 BDT">
  <testcase classname="ui.HomePageTest" name="verifyHomepageTest" time="0.015"/>
  <testcase classname="ui.HomePageTest" name="addProductsToCartTest" time="0.767"/>
  <testcase classname="ui.HomePageTest" name="clickCartButtonTest" time="1.163"/>
  <testcase classname="ui.HomePageTest" name="verifyCartPageTest" time="0.008"/>
  <testcase classname="ui.HomePageTest" name="clickProceedToCheckoutTest" time="0.044"/>
  <testcase classname="ui.HomePageTest" name="clickRegisterLoginButtonTest" time="0.691"/>
  <testcase classname="ui.HomePageTest" name="signUpTest" time="0.94"/>
  <testcase classname="ui.HomePageTest" name="fillUpAccountInformationTest" time="2.154"/>
  <testcase classname="ui.HomePageTest" name="verifyAccountCreatedTest" time="3.196"/>
  <testcase classname="ui.HomePageTest" name="verifyLoggedInUserTest" time="0.034"/>
  <testcase classname="ui.HomePageTest" name="clickCartAndProceedToCheckoutButtonTest" time="1.912"/>
  <testcase classname="ui.HomePageTest" name="verifyAddressReviewOrderTest" time="0.001"/>
  <testcase classname="ui.HomePageTest" name="placeOrderTest" time="0.75"/>
  <testcase classname="ui.HomePageTest" name="signUpTest" time="2.325"/>
  <testcase classname="ui.HomePageTest" name="verifyOrderPlacedTest" time="2.771"/>
</testsuite> <!-- Functional Test -->
