<?xml version="1.0" encoding="UTF-8"?>
<!-- Generated by org.testng.reporters.JUnitXMLReporter -->
<testsuite ignored="6" hostname="ANTORA-LAPTOP" failures="0" tests="15" name="Functional Test" time="16.692" errors="0" timestamp="2023-11-21T02:31:51 BDT">
  <testcase classname="ui.HomePageTest" name="verifyHomepageTest" time="0.016"/>
  <testcase classname="ui.AddToCartTest" name="addProductsToCartTest" time="0.724"/>
  <testcase classname="ui.AddToCartTest" name="clickCartButtonTest" time="0.945"/>
  <testcase classname="ui.AddToCartTest" name="verifyCartPageTest" time="0.006"/>
  <testcase classname="ui.AddToCartTest" name="clickProceedToCheckoutTest" time="0.043"/>
  <testcase classname="ui.SignupTest" name="clickRegisterLoginButtonTest" time="0.665"/>
  <testcase classname="ui.SignupTest" name="signUpTest" time="0.861"/>
  <testcase classname="ui.SignupTest" name="fillUpAccountInformationTest" time="2.181"/>
  <testcase classname="ui.SignupTest" name="verifyAccountCreatedTest" time="3.171"/>
  <testcase classname="ui.SignupTest" name="verifyLoggedInUserTest" time="0.022"/>
  <testcase classname="ui.SignupTest" name="clickCartAndProceedToCheckoutButtonTest" time="1.993"/>
  <testcase classname="ui.CheckoutTest" name="verifyAddressReviewOrderTest" time="0.0"/>
  <testcase classname="ui.CheckoutTest" name="placeOrderTest" time="0.738"/>
  <testcase classname="ui.CheckoutTest" name="signUpTest" time="2.328"/>
  <testcase classname="ui.CheckoutTest" name="verifyOrderPlacedTest" time="2.922"/>
  <testcase classname="common.CommonDataSetup" name="@BeforeSuite dataSetup" time="0.0">
    <ignored/>
  </testcase> <!-- @BeforeSuite dataSetup -->
  <testcase classname="common.CommonDataSetup" name="@AfterSuite dataTeardown" time="0.0">
    <ignored/>
  </testcase> <!-- @AfterSuite dataTeardown -->
  <testcase classname="common.CommonDataSetup" name="@AfterSuite dataTeardown" time="0.0">
    <ignored/>
  </testcase> <!-- @AfterSuite dataTeardown -->
  <testcase classname="common.CommonDataSetup" name="@BeforeSuite dataSetup" time="0.0">
    <ignored/>
  </testcase> <!-- @BeforeSuite dataSetup -->
  <testcase classname="common.CommonDataSetup" name="@BeforeSuite dataSetup" time="0.0">
    <ignored/>
  </testcase> <!-- @BeforeSuite dataSetup -->
  <testcase classname="common.CommonDataSetup" name="@AfterSuite dataTeardown" time="0.0">
    <ignored/>
  </testcase> <!-- @AfterSuite dataTeardown -->
</testsuite> <!-- Functional Test -->
